[2018-12-09 23:06:28 $14908.0]	WARNING	swSignal_callback (ERROR 706): signal[1] callback is null.
[2018-12-09 23:06:28 #14907.1]	WARNING	swSignalfd_onSignal (ERROR 706): signal[1] callback is null.
[2018-12-09 23:06:28 *14910.0]	WARNING	swSignalfd_onSignal (ERROR 706): signal[1] callback is null.
array(3) {
  ["reason"]=>
  string(12) "操作成功"
  ["result"]=>
  array(3) {
    ["sid"]=>
    string(45) "f0da9641-62fe-4023-92ef-617474932c5b_65841814"
    ["fee"]=>
    int(1)
    ["count"]=>
    int(1)
  }
  ["error_code"]=>
  int(0)
}
array(3) {
  ["reason"]=>
  string(12) "操作成功"
  ["result"]=>
  array(3) {
    ["sid"]=>
    string(45) "fc313d51-794c-4546-bdc5-30b18340832a_65944730"
    ["fee"]=>
    int(1)
    ["count"]=>
    int(1)
  }
  ["error_code"]=>
  int(0)
}
[2018-12-10 19:55:01 #14907.1]	NOTICE	Server is shutdown now.
